TN:
SF:script/DeploySanctionedToken.s.sol
FN:14,DeploySanctionedToken.run
FNDA:0,DeploySanctionedToken.run
DA:15,0
BRDA:15,0,0,-
BRDA:15,0,1,-
DA:16,0
DA:18,0
DA:20,0
DA:21,0
DA:22,0
DA:23,0
FNF:1
FNH:0
LF:7
LH:0
BRF:2
BRH:0
end_of_record
TN:
SF:src/SanctionedToken.sol
FN:42,SanctionedToken.banAddress
FNDA:2,SanctionedToken.banAddress
DA:43,2
DA:44,2
FN:52,SanctionedToken.unbanAddress
FNDA:1,SanctionedToken.unbanAddress
DA:53,1
DA:54,1
FN:61,SanctionedToken.isBanned
FNDA:2,SanctionedToken.isBanned
DA:62,2
FN:72,SanctionedToken._beforeTokenTransfer
FNDA:0,SanctionedToken._beforeTokenTransfer
DA:73,0
BRDA:73,0,0,-
BRDA:73,0,1,-
DA:74,0
BRDA:74,1,0,-
BRDA:74,1,1,-
FNF:4
FNH:3
LF:7
LH:5
BRF:4
BRH:0
end_of_record
